<?xml version="1.0" encoding="UTF-8"?>
<testsuite name="com.gradle.demo.FactorialTest" tests="3" skipped="0" failures="0" errors="0" timestamp="2021-02-19T13:58:56" hostname="LAPTOP-US2O0ECV" time="0.058">
  <properties/>
  <testcase name="factorialOfLargeNumber()" classname="com.gradle.demo.FactorialTest" time="0.05"/>
  <testcase name="factorialOfPositiveNumber()" classname="com.gradle.demo.FactorialTest" time="0.001"/>
  <testcase name="factorialOfZero()" classname="com.gradle.demo.FactorialTest" time="0.002"/>
  <system-out><![CDATA[]]></system-out>
  <system-err><![CDATA[]]></system-err>
</testsuite>
